# JRE version: OpenJDK Runtime Environment (20.0+36) (build 20+36-2344)
# Java VM: OpenJDK 64-Bit Server VM (20+36-2344, mixed mode, sharing, tiered, compressed oops, compressed class ptrs, g1 gc, windows-amd64)
GC Precious Log:
 CardTable entry size: 512
 Card Set container configuration: InlinePtr #cards 4 size 8 Array Of Cards #cards 16 size 48 Howl #buckets 8 coarsen threshold 3686 Howl Bitmap #cards 512 size 80 coarsen threshold 460 Card regions per heap region 1 cards per card region 4096
 CPUs: 12 total, 12 available
 Memory: 16163M
 Large Page Support: Disabled
 NUMA Support: Disabled
 Compressed Oops: Enabled (Zero based)
 Heap Region Size: 2M
 Heap Min Capacity: 8M
 Heap Initial Capacity: 254M
 Heap Max Capacity: 4042M
 Pre-touch: Disabled
 Parallel Workers: 10
 Concurrent Workers: 3
 Concurrent Refinement Workers: 10
 Periodic GC: Disabled
Heap:
 garbage-first heap   total 71680K, used 33733K [0x0000000703600000, 0x0000000800000000)
  region size 2048K, 7 young (14336K), 1 survivors (2048K)
 Metaspace       used 24966K, committed 25408K, reserved 1114112K
  class space    used 2751K, committed 2944K, reserved 1048576K
GC Heap History (20 events):
Event: 8790.095 GC heap before
{Heap before GC invocations=4353 (full 0):
 garbage-first heap   total 71680K, used 60340K [0x0000000703600000, 0x0000000800000000)
  region size 2048K, 19 young (38912K), 1 survivors (2048K)
 Metaspace       used 24966K, committed 25408K, reserved 1114112K
  class space    used 2751K, committed 2944K, reserved 1048576K
}
Event: 8790.096 GC heap after
{Heap after GC invocations=4354 (full 0):
 garbage-first heap   total 71680K, used 23476K [0x0000000703600000, 0x0000000800000000)
  region size 2048K, 1 young (2048K), 1 survivors (2048K)
 Metaspace       used 24966K, committed 25408K, reserved 1114112K
  class space    used 2751K, committed 2944K, reserved 1048576K
}
Event: 8790.896 GC heap before
{Heap before GC invocations=4354 (full 0):
 garbage-first heap   total 71680K, used 60340K [0x0000000703600000, 0x0000000800000000)
  region size 2048K, 19 young (38912K), 1 survivors (2048K)
 Metaspace       used 24966K, committed 25408K, reserved 1114112K
  class space    used 2751K, committed 2944K, reserved 1048576K
}
Event: 8790.897 GC heap after
{Heap after GC invocations=4355 (full 0):
 garbage-first heap   total 71680K, used 23480K [0x0000000703600000, 0x0000000800000000)
  region size 2048K, 1 young (2048K), 1 survivors (2048K)
 Metaspace       used 24966K, committed 25408K, reserved 1114112K
  class space    used 2751K, committed 2944K, reserved 1048576K
}
Event: 8791.697 GC heap before
{Heap before GC invocations=4355 (full 0):
 garbage-first heap   total 71680K, used 60344K [0x0000000703600000, 0x0000000800000000)
  region size 2048K, 19 young (38912K), 1 survivors (2048K)
 Metaspace       used 24966K, committed 25408K, reserved 1114112K
  class space    used 2751K, committed 2944K, reserved 1048576K
}
Event: 8791.697 GC heap after
{Heap after GC invocations=4356 (full 0):
 garbage-first heap   total 71680K, used 23478K [0x0000000703600000, 0x0000000800000000)
  region size 2048K, 1 young (2048K), 1 survivors (2048K)
 Metaspace       used 24966K, committed 25408K, reserved 1114112K
  class space    used 2751K, committed 2944K, reserved 1048576K
}
Event: 8792.497 GC heap before
{Heap before GC invocations=4356 (full 0):
 garbage-first heap   total 71680K, used 60342K [0x0000000703600000, 0x0000000800000000)
  region size 2048K, 19 young (38912K), 1 survivors (2048K)
 Metaspace       used 24966K, committed 25408K, reserved 1114112K
  class space    used 2751K, committed 2944K, reserved 1048576K
}
Event: 8792.497 GC heap after
{Heap after GC invocations=4357 (full 0):
 garbage-first heap   total 71680K, used 23491K [0x0000000703600000, 0x0000000800000000)
  region size 2048K, 1 young (2048K), 1 survivors (2048K)
 Metaspace       used 24966K, committed 25408K, reserved 1114112K
  class space    used 2751K, committed 2944K, reserved 1048576K
}
Event: 8793.297 GC heap before
{Heap before GC invocations=4357 (full 0):
 garbage-first heap   total 71680K, used 60355K [0x0000000703600000, 0x0000000800000000)
  region size 2048K, 19 young (38912K), 1 survivors (2048K)
 Metaspace       used 24966K, committed 25408K, reserved 1114112K
  class space    used 2751K, committed 2944K, reserved 1048576K
}
Event: 8793.298 GC heap after
{Heap after GC invocations=4358 (full 0):
 garbage-first heap   total 71680K, used 23495K [0x0000000703600000, 0x0000000800000000)
  region size 2048K, 1 young (2048K), 1 survivors (2048K)
 Metaspace       used 24966K, committed 25408K, reserved 1114112K
  class space    used 2751K, committed 2944K, reserved 1048576K
}
Event: 8794.099 GC heap before
{Heap before GC invocations=4358 (full 0):
 garbage-first heap   total 71680K, used 60359K [0x0000000703600000, 0x0000000800000000)
  region size 2048K, 19 young (38912K), 1 survivors (2048K)
 Metaspace       used 24966K, committed 25408K, reserved 1114112K
  class space    used 2751K, committed 2944K, reserved 1048576K
}
Event: 8794.099 GC heap after
{Heap after GC invocations=4359 (full 0):
 garbage-first heap   total 71680K, used 23499K [0x0000000703600000, 0x0000000800000000)
  region size 2048K, 1 young (2048K), 1 survivors (2048K)
 Metaspace       used 24966K, committed 25408K, reserved 1114112K
  class space    used 2751K, committed 2944K, reserved 1048576K
}
Event: 8794.903 GC heap before
{Heap before GC invocations=4359 (full 0):
 garbage-first heap   total 71680K, used 60363K [0x0000000703600000, 0x0000000800000000)
  region size 2048K, 19 young (38912K), 1 survivors (2048K)
 Metaspace       used 24966K, committed 25408K, reserved 1114112K
  class space    used 2751K, committed 2944K, reserved 1048576K
}
Event: 8794.903 GC heap after
{Heap after GC invocations=4360 (full 0):
 garbage-first heap   total 71680K, used 23499K [0x0000000703600000, 0x0000000800000000)
  region size 2048K, 1 young (2048K), 1 survivors (2048K)
 Metaspace       used 24966K, committed 25408K, reserved 1114112K
  class space    used 2751K, committed 2944K, reserved 1048576K
}
Event: 8795.698 GC heap before
{Heap before GC invocations=4360 (full 0):
 garbage-first heap   total 71680K, used 60363K [0x0000000703600000, 0x0000000800000000)
  region size 2048K, 19 young (38912K), 1 survivors (2048K)
 Metaspace       used 24966K, committed 25408K, reserved 1114112K
  class space    used 2751K, committed 2944K, reserved 1048576K
}
Event: 8795.698 GC heap after
{Heap after GC invocations=4361 (full 0):
 garbage-first heap   total 71680K, used 23495K [0x0000000703600000, 0x0000000800000000)
  region size 2048K, 1 young (2048K), 1 survivors (2048K)
 Metaspace       used 24966K, committed 25408K, reserved 1114112K
  class space    used 2751K, committed 2944K, reserved 1048576K
}
Event: 8796.500 GC heap before
{Heap before GC invocations=4361 (full 0):
 garbage-first heap   total 71680K, used 60359K [0x0000000703600000, 0x0000000800000000)
  region size 2048K, 19 young (38912K), 1 survivors (2048K)
 Metaspace       used 24966K, committed 25408K, reserved 1114112K
  class space    used 2751K, committed 2944K, reserved 1048576K
}
Event: 8796.501 GC heap after
{Heap after GC invocations=4362 (full 0):
 garbage-first heap   total 71680K, used 23503K [0x0000000703600000, 0x0000000800000000)
  region size 2048K, 1 young (2048K), 1 survivors (2048K)
 Metaspace       used 24966K, committed 25408K, reserved 1114112K
  class space    used 2751K, committed 2944K, reserved 1048576K
}
Event: 8797.331 GC heap before
{Heap before GC invocations=4362 (full 0):
 garbage-first heap   total 71680K, used 60367K [0x0000000703600000, 0x0000000800000000)
  region size 2048K, 19 young (38912K), 1 survivors (2048K)
 Metaspace       used 24966K, committed 25408K, reserved 1114112K
  class space    used 2751K, committed 2944K, reserved 1048576K
}
Event: 8797.331 GC heap after
{Heap after GC invocations=4363 (full 0):
 garbage-first heap   total 71680K, used 23493K [0x0000000703600000, 0x0000000800000000)
  region size 2048K, 1 young (2048K), 1 survivors (2048K)
 Metaspace       used 24966K, committed 25408K, reserved 1114112K
  class space    used 2751K, committed 2944K, reserved 1048576K
}

