# JRE version: OpenJDK Runtime Environment (20.0+36) (build 20+36-2344)
# Java VM: OpenJDK 64-Bit Server VM (20+36-2344, mixed mode, sharing, tiered, compressed oops, compressed class ptrs, g1 gc, windows-amd64)
GC Precious Log:
 CardTable entry size: 512
 Card Set container configuration: InlinePtr #cards 4 size 8 Array Of Cards #cards 16 size 48 Howl #buckets 8 coarsen threshold 3686 Howl Bitmap #cards 512 size 80 coarsen threshold 460 Card regions per heap region 1 cards per card region 4096
 CPUs: 12 total, 12 available
 Memory: 16163M
 Large Page Support: Disabled
 NUMA Support: Disabled
 Compressed Oops: Enabled (Zero based)
 Heap Region Size: 2M
 Heap Min Capacity: 8M
 Heap Initial Capacity: 254M
 Heap Max Capacity: 4042M
 Pre-touch: Disabled
 Parallel Workers: 10
 Concurrent Workers: 3
 Concurrent Refinement Workers: 10
 Periodic GC: Disabled
Heap:
 garbage-first heap   total 71680K, used 47599K [0x0000000703600000, 0x0000000800000000)
  region size 2048K, 12 young (24576K), 1 survivors (2048K)
 Metaspace       used 25186K, committed 25536K, reserved 1114112K
  class space    used 2783K, committed 2944K, reserved 1048576K
GC Heap History (20 events):
Event: 2695.850 GC heap before
{Heap before GC invocations=2482 (full 0):
 garbage-first heap   total 71680K, used 59891K [0x0000000703600000, 0x0000000800000000)
  region size 2048K, 17 young (34816K), 1 survivors (2048K)
 Metaspace       used 25186K, committed 25536K, reserved 1114112K
  class space    used 2783K, committed 2944K, reserved 1048576K
}
Event: 2695.850 GC heap after
{Heap after GC invocations=2483 (full 0):
 garbage-first heap   total 71680K, used 27123K [0x0000000703600000, 0x0000000800000000)
  region size 2048K, 1 young (2048K), 1 survivors (2048K)
 Metaspace       used 25186K, committed 25536K, reserved 1114112K
  class space    used 2783K, committed 2944K, reserved 1048576K
}
Event: 2696.617 GC heap before
{Heap before GC invocations=2483 (full 0):
 garbage-first heap   total 71680K, used 59891K [0x0000000703600000, 0x0000000800000000)
  region size 2048K, 17 young (34816K), 1 survivors (2048K)
 Metaspace       used 25186K, committed 25536K, reserved 1114112K
  class space    used 2783K, committed 2944K, reserved 1048576K
}
Event: 2696.618 GC heap after
{Heap after GC invocations=2484 (full 0):
 garbage-first heap   total 71680K, used 27121K [0x0000000703600000, 0x0000000800000000)
  region size 2048K, 1 young (2048K), 1 survivors (2048K)
 Metaspace       used 25186K, committed 25536K, reserved 1114112K
  class space    used 2783K, committed 2944K, reserved 1048576K
}
Event: 2697.385 GC heap before
{Heap before GC invocations=2484 (full 0):
 garbage-first heap   total 71680K, used 59889K [0x0000000703600000, 0x0000000800000000)
  region size 2048K, 17 young (34816K), 1 survivors (2048K)
 Metaspace       used 25186K, committed 25536K, reserved 1114112K
  class space    used 2783K, committed 2944K, reserved 1048576K
}
Event: 2697.386 GC heap after
{Heap after GC invocations=2485 (full 0):
 garbage-first heap   total 71680K, used 27119K [0x0000000703600000, 0x0000000800000000)
  region size 2048K, 1 young (2048K), 1 survivors (2048K)
 Metaspace       used 25186K, committed 25536K, reserved 1114112K
  class space    used 2783K, committed 2944K, reserved 1048576K
}
Event: 2698.152 GC heap before
{Heap before GC invocations=2485 (full 0):
 garbage-first heap   total 71680K, used 59887K [0x0000000703600000, 0x0000000800000000)
  region size 2048K, 17 young (34816K), 1 survivors (2048K)
 Metaspace       used 25186K, committed 25536K, reserved 1114112K
  class space    used 2783K, committed 2944K, reserved 1048576K
}
Event: 2698.153 GC heap after
{Heap after GC invocations=2486 (full 0):
 garbage-first heap   total 71680K, used 27119K [0x0000000703600000, 0x0000000800000000)
  region size 2048K, 1 young (2048K), 1 survivors (2048K)
 Metaspace       used 25186K, committed 25536K, reserved 1114112K
  class space    used 2783K, committed 2944K, reserved 1048576K
}
Event: 2698.919 GC heap before
{Heap before GC invocations=2486 (full 0):
 garbage-first heap   total 71680K, used 59887K [0x0000000703600000, 0x0000000800000000)
  region size 2048K, 17 young (34816K), 1 survivors (2048K)
 Metaspace       used 25186K, committed 25536K, reserved 1114112K
  class space    used 2783K, committed 2944K, reserved 1048576K
}
Event: 2698.920 GC heap after
{Heap after GC invocations=2487 (full 0):
 garbage-first heap   total 71680K, used 27121K [0x0000000703600000, 0x0000000800000000)
  region size 2048K, 1 young (2048K), 1 survivors (2048K)
 Metaspace       used 25186K, committed 25536K, reserved 1114112K
  class space    used 2783K, committed 2944K, reserved 1048576K
}
Event: 2699.686 GC heap before
{Heap before GC invocations=2487 (full 0):
 garbage-first heap   total 71680K, used 59889K [0x0000000703600000, 0x0000000800000000)
  region size 2048K, 17 young (34816K), 1 survivors (2048K)
 Metaspace       used 25186K, committed 25536K, reserved 1114112K
  class space    used 2783K, committed 2944K, reserved 1048576K
}
Event: 2699.687 GC heap after
{Heap after GC invocations=2488 (full 0):
 garbage-first heap   total 71680K, used 27121K [0x0000000703600000, 0x0000000800000000)
  region size 2048K, 1 young (2048K), 1 survivors (2048K)
 Metaspace       used 25186K, committed 25536K, reserved 1114112K
  class space    used 2783K, committed 2944K, reserved 1048576K
}
Event: 2700.464 GC heap before
{Heap before GC invocations=2488 (full 0):
 garbage-first heap   total 71680K, used 59889K [0x0000000703600000, 0x0000000800000000)
  region size 2048K, 17 young (34816K), 1 survivors (2048K)
 Metaspace       used 25186K, committed 25536K, reserved 1114112K
  class space    used 2783K, committed 2944K, reserved 1048576K
}
Event: 2700.464 GC heap after
{Heap after GC invocations=2489 (full 0):
 garbage-first heap   total 71680K, used 27121K [0x0000000703600000, 0x0000000800000000)
  region size 2048K, 1 young (2048K), 1 survivors (2048K)
 Metaspace       used 25186K, committed 25536K, reserved 1114112K
  class space    used 2783K, committed 2944K, reserved 1048576K
}
Event: 2701.233 GC heap before
{Heap before GC invocations=2489 (full 0):
 garbage-first heap   total 71680K, used 59889K [0x0000000703600000, 0x0000000800000000)
  region size 2048K, 17 young (34816K), 1 survivors (2048K)
 Metaspace       used 25186K, committed 25536K, reserved 1114112K
  class space    used 2783K, committed 2944K, reserved 1048576K
}
Event: 2701.234 GC heap after
{Heap after GC invocations=2490 (full 0):
 garbage-first heap   total 71680K, used 27121K [0x0000000703600000, 0x0000000800000000)
  region size 2048K, 1 young (2048K), 1 survivors (2048K)
 Metaspace       used 25186K, committed 25536K, reserved 1114112K
  class space    used 2783K, committed 2944K, reserved 1048576K
}
Event: 2701.999 GC heap before
{Heap before GC invocations=2490 (full 0):
 garbage-first heap   total 71680K, used 59889K [0x0000000703600000, 0x0000000800000000)
  region size 2048K, 17 young (34816K), 1 survivors (2048K)
 Metaspace       used 25186K, committed 25536K, reserved 1114112K
  class space    used 2783K, committed 2944K, reserved 1048576K
}
Event: 2702.000 GC heap after
{Heap after GC invocations=2491 (full 0):
 garbage-first heap   total 71680K, used 27123K [0x0000000703600000, 0x0000000800000000)
  region size 2048K, 1 young (2048K), 1 survivors (2048K)
 Metaspace       used 25186K, committed 25536K, reserved 1114112K
  class space    used 2783K, committed 2944K, reserved 1048576K
}
Event: 2702.767 GC heap before
{Heap before GC invocations=2491 (full 0):
 garbage-first heap   total 71680K, used 59891K [0x0000000703600000, 0x0000000800000000)
  region size 2048K, 17 young (34816K), 1 survivors (2048K)
 Metaspace       used 25186K, committed 25536K, reserved 1114112K
  class space    used 2783K, committed 2944K, reserved 1048576K
}
Event: 2702.767 GC heap after
{Heap after GC invocations=2492 (full 0):
 garbage-first heap   total 71680K, used 27119K [0x0000000703600000, 0x0000000800000000)
  region size 2048K, 1 young (2048K), 1 survivors (2048K)
 Metaspace       used 25186K, committed 25536K, reserved 1114112K
  class space    used 2783K, committed 2944K, reserved 1048576K
}

